<?xml version="1.0" encoding="UTF-8"?>
<testng-results ignored="0" total="1" passed="1" failed="0" skipped="0">
  <reporter-output>
  </reporter-output>
  <suite started-at="2023-02-04T20:47:34 SGT" name="Suite" finished-at="2023-02-04T20:47:34 SGT" duration-ms="61">
    <groups>
    </groups>
    <test started-at="2023-02-04T20:47:34 SGT" name="Test" finished-at="2023-02-04T20:47:34 SGT" duration-ms="61">
      <class name="com.sddevops.DevOpsAssignment3.NewTest">
        <test-method is-config="true" signature="beforeTest()[pri:0, instance:com.sddevops.DevOpsAssignment3.NewTest@6a2b953e]" started-at="2023-02-04T20:47:34 SGT" name="beforeTest" finished-at="2023-02-04T20:47:34 SGT" duration-ms="15" status="PASS">
          <reporter-output>
          </reporter-output>
        </test-method> <!-- beforeTest -->
        <test-method signature="f()[pri:0, instance:com.sddevops.DevOpsAssignment3.NewTest@6a2b953e]" started-at="2023-02-04T20:47:34 SGT" name="f" finished-at="2023-02-04T20:47:34 SGT" duration-ms="6" status="PASS">
          <reporter-output>
          </reporter-output>
        </test-method> <!-- f -->
        <test-method is-config="true" signature="afterTest()[pri:0, instance:com.sddevops.DevOpsAssignment3.NewTest@6a2b953e]" started-at="2023-02-04T20:47:34 SGT" name="afterTest" finished-at="2023-02-04T20:47:34 SGT" duration-ms="0" status="PASS">
          <reporter-output>
          </reporter-output>
        </test-method> <!-- afterTest -->
      </class> <!-- com.sddevops.DevOpsAssignment3.NewTest -->
    </test> <!-- Test -->
  </suite> <!-- Suite -->
</testng-results>
